[1/11] Performing build step for 'bootloader'
[1/1] cmd.exe /C "cd /D C:\Users\Benja\OneDrive\Documents\Esp32Precision\ESP32Precision\FlightControl\test\build\bootloader\esp-idf\esptool_py && C:\Users\Benja\.espressif\python_env\idf5.1_py3.11_env\Scripts\python.exe C:/Users/Benja/esp/esp-idf/components/partition_table/check_sizes.py --offset 0x8000 bootloader 0x0 C:/Users/Benja/OneDrive/Documents/Esp32Precision/ESP32Precision/FlightControl/test/build/bootloader/bootloader.bin"
Bootloader binary size 0x51f0 bytes. 0x2e10 bytes (36%) free.
[2/9] Building C object esp-idf/LIS2DW12_test/CMakeFiles/__LIS2DW12_test.dir/test_LIS2DW12.c.obj
[3/9] Linking C static library esp-idf\LIS2DW12_test\libtest.a
[4/9] Generating ld/sections.ld
[5/9] Building C object CMakeFiles/flightcontrol_unit_test.elf.dir/project_elf_src_esp32s3.c.obj
[6/9] Linking CXX executable flightcontrol_unit_test.elf
FAILED: flightcontrol_unit_test.elf 
cmd.exe /C "cd . && C:\Users\Benja\.espressif\tools\xtensa-esp32s3-elf\esp-12.2.0_20230208\xtensa-esp32s3-elf\bin\xtensa-esp32s3-elf-g++.exe -mlongcalls -Wl,--cref -Wl,--defsym=IDF_TARGET_ESP32S3=0 -Wl,--Map=C:/Users/Benja/OneDrive/Documents/Esp32Precision/ESP32Precision/FlightControl/test/build/flightcontrol_unit_test.map -Wl,--no-warn-rwx-segments -fno-rtti -fno-lto -Wl,--gc-sections -Wl,--warn-common -T esp32s3.peripherals.ld -T esp32s3.rom.ld -T esp32s3.rom.api.ld -T esp32s3.rom.libgcc.ld -T esp32s3.rom.newlib.ld -T esp32s3.rom.version.ld -T memory.ld -T sections.ld @CMakeFiles\flightcontrol_unit_test.elf.rsp -o flightcontrol_unit_test.elf  && cd ."
c:/users/benja/.espressif/tools/xtensa-esp32s3-elf/esp-12.2.0_20230208/xtensa-esp32s3-elf/bin/../lib/gcc/xtensa-esp32s3-elf/12.2.0/../../../../xtensa-esp32s3-elf/bin/ld.exe: esp-idf/freertos/libfreertos.a(app_startup.c.obj):(.literal.main_task+0x24): undefined reference to `app_main'
c:/users/benja/.espressif/tools/xtensa-esp32s3-elf/esp-12.2.0_20230208/xtensa-esp32s3-elf/bin/../lib/gcc/xtensa-esp32s3-elf/12.2.0/../../../../xtensa-esp32s3-elf/bin/ld.exe: esp-idf/freertos/libfreertos.a(app_startup.c.obj): in function `main_task':
C:/Users/Benja/esp/esp-idf/components/freertos/app_startup.c:206: undefined reference to `app_main'
collect2.exe: error: ld returned 1 exit status
ninja: build stopped: subcommand failed.
